app/build/intermediates/manifest_merge_blame_file/debug/processDebugMainManifest/manifest-merger-blame-debug-report.txt
1<?xml version="1.0" encoding="utf-8"?>
2<manifest xmlns:android="http://schemas.android.com/apk/res/android"
3    package="com.cibertec.demo"
4    android:versionCode="1"
5    android:versionName="1.0" >
6
7    <uses-sdk
8        android:minSdkVersion="24"
9        android:targetSdkVersion="34" />
10
11    <uses-permission android:name="android.permission.INTERNET" />
11-->src\main\AndroidManifest.xml:5:5-67
11-->src\main\AndroidManifest.xml:5:22-64
12    <uses-permission android:name="android.permission.ACCESS_FINE_LOCATION" />
12-->src\main\AndroidManifest.xml:6:5-79
12-->src\main\AndroidManifest.xml:6:22-76
13    <uses-permission android:name="android.permission.ACCESS_COARSE_LOCATION" />
13-->src\main\AndroidManifest.xml:7:5-81
13-->src\main\AndroidManifest.xml:7:22-78
14
15    <!-- Include required permissions for Google Maps API to run. -->
16    <uses-permission android:name="android.permission.ACCESS_NETWORK_STATE" />
16-->[com.google.android.gms:play-services-maps:20.0.0] AndroidManifest.xml:20:5-78
16-->[com.google.android.gms:play-services-maps:20.0.0] AndroidManifest.xml:20:22-76
17
18    <uses-feature
18-->[com.google.android.gms:play-services-maps:20.0.0] AndroidManifest.xml:22:5-24:33
19        android:glEsVersion="0x00020000"
19-->[com.google.android.gms:play-services-maps:20.0.0] AndroidManifest.xml:23:8-40
20        android:required="true" />
20-->[com.google.android.gms:play-services-maps:20.0.0] AndroidManifest.xml:24:8-31
21
22    <queries>
22-->[com.google.android.gms:play-services-maps:20.0.0] AndroidManifest.xml:27:5-30:15
23
24        <!-- Needs to be explicitly declared on Android R+ -->
25        <package android:name="com.google.android.apps.maps" />
25-->[com.google.android.gms:play-services-maps:20.0.0] AndroidManifest.xml:29:7-61
25-->[com.google.android.gms:play-services-maps:20.0.0] AndroidManifest.xml:29:16-59
26    </queries>
27
28    <permission
28-->[androidx.core:core:1.17.0] AndroidManifest.xml:22:5-24:47
29        android:name="com.cibertec.demo.DYNAMIC_RECEIVER_NOT_EXPORTED_PERMISSION"
29-->[androidx.core:core:1.17.0] AndroidManifest.xml:23:9-81
30        android:protectionLevel="signature" />
30-->[androidx.core:core:1.17.0] AndroidManifest.xml:24:9-44
31
32    <uses-permission android:name="com.cibertec.demo.DYNAMIC_RECEIVER_NOT_EXPORTED_PERMISSION" />
32-->[androidx.core:core:1.17.0] AndroidManifest.xml:26:5-97
32-->[androidx.core:core:1.17.0] AndroidManifest.xml:26:22-94
33
34    <application
34-->src\main\AndroidManifest.xml:9:5-71:19
35        android:allowBackup="true"
35-->src\main\AndroidManifest.xml:10:9-35
36        android:appComponentFactory="androidx.core.app.CoreComponentFactory"
36-->[androidx.core:core:1.17.0] AndroidManifest.xml:28:18-86
37        android:dataExtractionRules="@xml/data_extraction_rules"
37-->src\main\AndroidManifest.xml:11:9-65
38        android:debuggable="true"
39        android:extractNativeLibs="false"
40        android:fullBackupContent="@xml/backup_rules"
40-->src\main\AndroidManifest.xml:12:9-54
41        android:icon="@mipmap/ic_launcher"
41-->src\main\AndroidManifest.xml:13:9-43
42        android:label="@string/app_name"
42-->src\main\AndroidManifest.xml:14:9-41
43        android:roundIcon="@mipmap/ic_launcher_round"
43-->src\main\AndroidManifest.xml:15:9-54
44        android:supportsRtl="true"
44-->src\main\AndroidManifest.xml:16:9-35
45        android:testOnly="true"
46        android:theme="@style/Theme.Firuvet" >
46-->src\main\AndroidManifest.xml:17:9-45
47        <activity
47-->src\main\AndroidManifest.xml:18:9-20:40
48            android:name="com.cibertec.demo.ListaCitasActivity"
48-->src\main\AndroidManifest.xml:19:13-47
49            android:exported="false" />
49-->src\main\AndroidManifest.xml:20:13-37
50
51        <meta-data
51-->src\main\AndroidManifest.xml:22:9-24:38
52            android:name="com.google.android.geo.API_KEY"
52-->src\main\AndroidManifest.xml:23:13-58
53            android:value="APIKEY" />
53-->src\main\AndroidManifest.xml:24:13-35
54
55        <activity
55-->src\main\AndroidManifest.xml:26:9-28:40
56            android:name="com.cibertec.demo.ListaMascotasActivity"
56-->src\main\AndroidManifest.xml:27:13-50
57            android:exported="false" />
57-->src\main\AndroidManifest.xml:28:13-37
58        <activity
58-->src\main\AndroidManifest.xml:29:9-31:40
59            android:name="com.cibertec.demo.IngresarMascotaActivity"
59-->src\main\AndroidManifest.xml:30:13-52
60            android:exported="false" />
60-->src\main\AndroidManifest.xml:31:13-37
61        <activity
61-->src\main\AndroidManifest.xml:32:9-34:40
62            android:name="com.cibertec.demo.CitasPendienteActivity"
62-->src\main\AndroidManifest.xml:33:13-51
63            android:exported="false" />
63-->src\main\AndroidManifest.xml:34:13-37
64        <activity
64-->src\main\AndroidManifest.xml:35:9-37:40
65            android:name="com.cibertec.demo.TerminosCondicionesActivity"
65-->src\main\AndroidManifest.xml:36:13-56
66            android:exported="false" />
66-->src\main\AndroidManifest.xml:37:13-37
67        <activity
67-->src\main\AndroidManifest.xml:38:9-40:40
68            android:name="com.cibertec.demo.RegistrarCuentaActivity"
68-->src\main\AndroidManifest.xml:39:13-52
69            android:exported="false" />
69-->src\main\AndroidManifest.xml:40:13-37
70        <activity
70-->src\main\AndroidManifest.xml:41:9-43:40
71            android:name="com.cibertec.demo.PerfilPersonalActivity"
71-->src\main\AndroidManifest.xml:42:13-51
72            android:exported="false" />
72-->src\main\AndroidManifest.xml:43:13-37
73        <activity
73-->src\main\AndroidManifest.xml:44:9-46:40
74            android:name="com.cibertec.demo.PerfilMascotaActivity"
74-->src\main\AndroidManifest.xml:45:13-50
75            android:exported="false" />
75-->src\main\AndroidManifest.xml:46:13-37
76        <activity
76-->src\main\AndroidManifest.xml:47:9-49:40
77            android:name="com.cibertec.demo.ListaLugaresActivity"
77-->src\main\AndroidManifest.xml:48:13-49
78            android:exported="false" />
78-->src\main\AndroidManifest.xml:49:13-37
79        <activity
79-->src\main\AndroidManifest.xml:50:9-52:40
80            android:name="com.cibertec.demo.MainActivity"
80-->src\main\AndroidManifest.xml:51:13-41
81            android:exported="false" />
81-->src\main\AndroidManifest.xml:52:13-37
82        <activity
82-->src\main\AndroidManifest.xml:53:9-55:40
83            android:name="com.cibertec.demo.CrearCitaActivity"
83-->src\main\AndroidManifest.xml:54:13-46
84            android:exported="false" />
84-->src\main\AndroidManifest.xml:55:13-37
85        <activity
85-->src\main\AndroidManifest.xml:56:9-58:40
86            android:name="com.cibertec.demo.ConfiguracionActivity"
86-->src\main\AndroidManifest.xml:57:13-50
87            android:exported="false" />
87-->src\main\AndroidManifest.xml:58:13-37
88        <activity
88-->src\main\AndroidManifest.xml:59:9-61:40
89            android:name="com.cibertec.demo.BeneficiosActivity"
89-->src\main\AndroidManifest.xml:60:13-47
90            android:exported="false" />
90-->src\main\AndroidManifest.xml:61:13-37
91        <activity
91-->src\main\AndroidManifest.xml:62:9-70:20
92            android:name="com.cibertec.demo.InicioSesionActivity"
92-->src\main\AndroidManifest.xml:63:13-49
93            android:exported="true" >
93-->src\main\AndroidManifest.xml:64:13-36
94            <intent-filter>
94-->src\main\AndroidManifest.xml:65:13-69:29
95                <action android:name="android.intent.action.MAIN" />
95-->src\main\AndroidManifest.xml:66:17-69
95-->src\main\AndroidManifest.xml:66:25-66
96
97                <category android:name="android.intent.category.LAUNCHER" />
97-->src\main\AndroidManifest.xml:68:17-77
97-->src\main\AndroidManifest.xml:68:27-74
98            </intent-filter>
99        </activity>
100        <activity
100-->[com.google.android.gms:play-services-base:18.5.0] AndroidManifest.xml:5:9-173
101            android:name="com.google.android.gms.common.api.GoogleApiActivity"
101-->[com.google.android.gms:play-services-base:18.5.0] AndroidManifest.xml:5:19-85
102            android:exported="false"
102-->[com.google.android.gms:play-services-base:18.5.0] AndroidManifest.xml:5:146-170
103            android:theme="@android:style/Theme.Translucent.NoTitleBar" />
103-->[com.google.android.gms:play-services-base:18.5.0] AndroidManifest.xml:5:86-145
104
105        <meta-data
105-->[com.google.android.gms:play-services-basement:18.9.0] AndroidManifest.xml:21:9-23:69
106            android:name="com.google.android.gms.version"
106-->[com.google.android.gms:play-services-basement:18.9.0] AndroidManifest.xml:22:13-58
107            android:value="@integer/google_play_services_version" />
107-->[com.google.android.gms:play-services-basement:18.9.0] AndroidManifest.xml:23:13-66
108
109        <provider
109-->[androidx.emoji2:emoji2:1.3.0] AndroidManifest.xml:24:9-32:20
110            android:name="androidx.startup.InitializationProvider"
110-->[androidx.emoji2:emoji2:1.3.0] AndroidManifest.xml:25:13-67
111            android:authorities="com.cibertec.demo.androidx-startup"
111-->[androidx.emoji2:emoji2:1.3.0] AndroidManifest.xml:26:13-68
112            android:exported="false" >
112-->[androidx.emoji2:emoji2:1.3.0] AndroidManifest.xml:27:13-37
113            <meta-data
113-->[androidx.emoji2:emoji2:1.3.0] AndroidManifest.xml:29:13-31:52
114                android:name="androidx.emoji2.text.EmojiCompatInitializer"
114-->[androidx.emoji2:emoji2:1.3.0] AndroidManifest.xml:30:17-75
115                android:value="androidx.startup" />
115-->[androidx.emoji2:emoji2:1.3.0] AndroidManifest.xml:31:17-49
116            <meta-data
116-->[androidx.lifecycle:lifecycle-process:2.6.2] AndroidManifest.xml:29:13-31:52
117                android:name="androidx.lifecycle.ProcessLifecycleInitializer"
117-->[androidx.lifecycle:lifecycle-process:2.6.2] AndroidManifest.xml:30:17-78
118                android:value="androidx.startup" />
118-->[androidx.lifecycle:lifecycle-process:2.6.2] AndroidManifest.xml:31:17-49
119            <meta-data
119-->[androidx.profileinstaller:profileinstaller:1.4.0] AndroidManifest.xml:29:13-31:52
120                android:name="androidx.profileinstaller.ProfileInstallerInitializer"
120-->[androidx.profileinstaller:profileinstaller:1.4.0] AndroidManifest.xml:30:17-85
121                android:value="androidx.startup" />
121-->[androidx.profileinstaller:profileinstaller:1.4.0] AndroidManifest.xml:31:17-49
122        </provider>
123
124        <receiver
124-->[androidx.profileinstaller:profileinstaller:1.4.0] AndroidManifest.xml:34:9-52:20
125            android:name="androidx.profileinstaller.ProfileInstallReceiver"
125-->[androidx.profileinstaller:profileinstaller:1.4.0] AndroidManifest.xml:35:13-76
126            android:directBootAware="false"
126-->[androidx.profileinstaller:profileinstaller:1.4.0] AndroidManifest.xml:36:13-44
127            android:enabled="true"
127-->[androidx.profileinstaller:profileinstaller:1.4.0] AndroidManifest.xml:37:13-35
128            android:exported="true"
128-->[androidx.profileinstaller:profileinstaller:1.4.0] AndroidManifest.xml:38:13-36
129            android:permission="android.permission.DUMP" >
129-->[androidx.profileinstaller:profileinstaller:1.4.0] AndroidManifest.xml:39:13-57
130            <intent-filter>
130-->[androidx.profileinstaller:profileinstaller:1.4.0] AndroidManifest.xml:40:13-42:29
131                <action android:name="androidx.profileinstaller.action.INSTALL_PROFILE" />
131-->[androidx.profileinstaller:profileinstaller:1.4.0] AndroidManifest.xml:41:17-91
131-->[androidx.profileinstaller:profileinstaller:1.4.0] AndroidManifest.xml:41:25-88
132            </intent-filter>
133            <intent-filter>
133-->[androidx.profileinstaller:profileinstaller:1.4.0] AndroidManifest.xml:43:13-45:29
134                <action android:name="androidx.profileinstaller.action.SKIP_FILE" />
134-->[androidx.profileinstaller:profileinstaller:1.4.0] AndroidManifest.xml:44:17-85
134-->[androidx.profileinstaller:profileinstaller:1.4.0] AndroidManifest.xml:44:25-82
135            </intent-filter>
136            <intent-filter>
136-->[androidx.profileinstaller:profileinstaller:1.4.0] AndroidManifest.xml:46:13-48:29
137                <action android:name="androidx.profileinstaller.action.SAVE_PROFILE" />
137-->[androidx.profileinstaller:profileinstaller:1.4.0] AndroidManifest.xml:47:17-88
137-->[androidx.profileinstaller:profileinstaller:1.4.0] AndroidManifest.xml:47:25-85
138            </intent-filter>
139            <intent-filter>
139-->[androidx.profileinstaller:profileinstaller:1.4.0] AndroidManifest.xml:49:13-51:29
140                <action android:name="androidx.profileinstaller.action.BENCHMARK_OPERATION" />
140-->[androidx.profileinstaller:profileinstaller:1.4.0] AndroidManifest.xml:50:17-95
140-->[androidx.profileinstaller:profileinstaller:1.4.0] AndroidManifest.xml:50:25-92
141            </intent-filter>
142        </receiver>
143    </application>
144
145</manifest>